<?xml version="1.0" encoding="UTF-8"?>
<!-- Generated by org.testng.reporters.JUnitReportReporter -->
<testsuite hostname="DESKTOP-Q55VOI7" failures="0" tests="1" name="facebook.com.faceBook" time="0.032" errors="0" timestamp="20 Jun 2022 14:19:50 GMT" skipped="0">
  <testcase classname="facebook.com.faceBook" name="add" time="0.032"/>
</testsuite> <!-- facebook.com.faceBook -->
