<?xml version="1.0" encoding="UTF-8"?>
<!-- Generated by org.testng.reporters.JUnitReportReporter -->
<testsuite hostname="DESKTOP-Q55VOI7" failures="0" tests="4" name="flipkart.com.FlipKartExe" time="9.000" errors="0" timestamp="20 Jun 2022 15:49:54 GMT" skipped="0">
  <testcase classname="flipkart.com.FlipKartExe" name="launch" time="7.296"/>
  <testcase classname="flipkart.com.FlipKartExe" name="userName" time="0.352"/>
  <testcase classname="flipkart.com.FlipKartExe" name="passWord" time="0.288"/>
  <testcase classname="flipkart.com.FlipKartExe" name="LoginClick" time="1.064"/>
</testsuite> <!-- flipkart.com.FlipKartExe -->
