<?xml version="1.0" encoding="UTF-8"?>
<!-- Generated by org.testng.reporters.JUnitReportReporter -->
<testsuite hostname="DESKTOP-Q55VOI7" failures="0" tests="3" name="org.dataprovidersample.com.DataProviderExe" time="6.381" errors="0" timestamp="25 Jun 2022 14:42:36 GMT" skipped="0">
  <testcase classname="org.dataprovidersample.com.DataProviderExe" name="Test1" time="2.302"/>
  <testcase classname="org.dataprovidersample.com.DataProviderExe" name="Test1" time="2.184"/>
  <testcase classname="org.dataprovidersample.com.DataProviderExe" name="Test1" time="1.895"/>
</testsuite> <!-- org.dataprovidersample.com.DataProviderExe -->
